Load groundtruth...

k_of_groundtruth: 1000 query_num: 10000
Load data points and query points...

Dim: 128
Dim: 128 num_of_points: 10000
Load proximity graph...

RVQ index created.
Dimensions = 128, Coarse Centroids = 10, Fine Centroids = 10
Training input : 10000 vectors.
Number of select training vectors : 10000
[Info] RVQ training iteration 0
[Info] Training coarse codebook
[Info] Start Kmeans training
Training iteration 0. error = 1879787008.00 < minErr = 340282346638528859811704183484516925440.00, update minErr
Training iteration 1. error = 1133982848.00 < minErr = 1879787008.00, update minErr
Training iteration 2. error = 1099681408.00 < minErr = 1133982848.00, update minErr
Training iteration 3. error = 1085073664.00 < minErr = 1099681408.00, update minErr
Training iteration 4. error = 1078167040.00 < minErr = 1085073664.00, update minErr
Training iteration 5. error = 1075394176.00 < minErr = 1078167040.00, update minErr
Training iteration 6. error = 1073882752.00 < minErr = 1075394176.00, update minErr
Training iteration 7. error = 1072982272.00 < minErr = 1073882752.00, update minErr
Training iteration 8. error = 1072357376.00 < minErr = 1072982272.00, update minErr
Training iteration 9. error = 1071887040.00 < minErr = 1072357376.00, update minErr
Training iteration 10. error = 1071508736.00 < minErr = 1071887040.00, update minErr
Training iteration 11. error = 1071237952.00 < minErr = 1071508736.00, update minErr
Training iteration 12. error = 1071013184.00 < minErr = 1071237952.00, update minErr
Training iteration 13. error = 1070787520.00 < minErr = 1071013184.00, update minErr
Training iteration 14. error = 1070611840.00 < minErr = 1070787520.00, update minErr
Training iteration 15. error = 1070486592.00 < minErr = 1070611840.00, update minErr
Training iteration 16. error = 1070388224.00 < minErr = 1070486592.00, update minErr
Training iteration 17. error = 1070294208.00 < minErr = 1070388224.00, update minErr
Training iteration 18. error = 1070219072.00 < minErr = 1070294208.00, update minErr
Training iteration 19. error = 1070168256.00 < minErr = 1070219072.00, update minErr
Training iteration 20. error = 1070118784.00 < minErr = 1070168256.00, update minErr
Training iteration 21. error = 1070079936.00 < minErr = 1070118784.00, update minErr
Training iteration 22. error = 1070043264.00 < minErr = 1070079936.00, update minErr
Training iteration 23. error = 1070002688.00 < minErr = 1070043264.00, update minErr
Training iteration 24. error = 1069973760.00 < minErr = 1070002688.00, update minErr
[Info] Finish Kmeans training
The0 deviation error of coarse clusters is 1.06997e+09

[Info] Training fine codebook
[Info] Start Kmeans training
Training iteration 0. error = 1524791424.00 < minErr = 340282346638528859811704183484516925440.00, update minErr
Training iteration 1. error = 951032384.00 < minErr = 1524791424.00, update minErr
Training iteration 2. error = 930197376.00 < minErr = 951032384.00, update minErr
Training iteration 3. error = 919683456.00 < minErr = 930197376.00, update minErr
Training iteration 4. error = 914363968.00 < minErr = 919683456.00, update minErr
Training iteration 5. error = 911727616.00 < minErr = 914363968.00, update minErr
Training iteration 6. error = 909827840.00 < minErr = 911727616.00, update minErr
Training iteration 7. error = 908386752.00 < minErr = 909827840.00, update minErr
Training iteration 8. error = 907244992.00 < minErr = 908386752.00, update minErr
Training iteration 9. error = 906368832.00 < minErr = 907244992.00, update minErr
Training iteration 10. error = 905625088.00 < minErr = 906368832.00, update minErr
Training iteration 11. error = 905024128.00 < minErr = 905625088.00, update minErr
Training iteration 12. error = 904575488.00 < minErr = 905024128.00, update minErr
Training iteration 13. error = 904272320.00 < minErr = 904575488.00, update minErr
Training iteration 14. error = 904084800.00 < minErr = 904272320.00, update minErr
Training iteration 15. error = 903938624.00 < minErr = 904084800.00, update minErr
Training iteration 16. error = 903806208.00 < minErr = 903938624.00, update minErr
Training iteration 17. error = 903694784.00 < minErr = 903806208.00, update minErr
Training iteration 18. error = 903600000.00 < minErr = 903694784.00, update minErr
Training iteration 19. error = 903532992.00 < minErr = 903600000.00, update minErr
Training iteration 20. error = 903480640.00 < minErr = 903532992.00, update minErr
Training iteration 21. error = 903441856.00 < minErr = 903480640.00, update minErr
Training iteration 22. error = 903409536.00 < minErr = 903441856.00, update minErr
Training iteration 23. error = 903387648.00 < minErr = 903409536.00, update minErr
Training iteration 24. error = 903370880.00 < minErr = 903387648.00, update minErr
[Info] Finish Kmeans training
The 0 deviation error of fine clusters is 9.03371e+08

[Info] RVQ training iteration 1
[Info] Training coarse codebook
[Info] Start Kmeans training
Training iteration 0. error = 1623715072.00 < minErr = 340282346638528859811704183484516925440.00, update minErr
Training iteration 1. error = 959447872.00 < minErr = 1623715072.00, update minErr
Training iteration 2. error = 931052480.00 < minErr = 959447872.00, update minErr
Training iteration 3. error = 919241536.00 < minErr = 931052480.00, update minErr
Training iteration 4. error = 913373312.00 < minErr = 919241536.00, update minErr
Training iteration 5. error = 912028160.00 < minErr = 913373312.00, update minErr
Training iteration 6. error = 911677248.00 < minErr = 912028160.00, update minErr
Training iteration 7. error = 911545856.00 < minErr = 911677248.00, update minErr
Training iteration 8. error = 911485440.00 < minErr = 911545856.00, update minErr
Training iteration 9. error = 911452224.00 < minErr = 911485440.00, update minErr
Training iteration 10. error = 911429696.00 < minErr = 911452224.00, update minErr
Training iteration 11. error = 911416384.00 < minErr = 911429696.00, update minErr
Training iteration 12. error = 911402624.00 < minErr = 911416384.00, update minErr
Training iteration 13. error = 911393728.00 < minErr = 911402624.00, update minErr
Training iteration 14. error = 911380800.00 < minErr = 911393728.00, update minErr
Training iteration 15. error = 911362944.00 < minErr = 911380800.00, update minErr
Training iteration 16. error = 911328960.00 < minErr = 911362944.00, update minErr
Training iteration 17. error = 911278784.00 < minErr = 911328960.00, update minErr
Training iteration 18. error = 911172480.00 < minErr = 911278784.00, update minErr
Training iteration 19. error = 911036864.00 < minErr = 911172480.00, update minErr
Training iteration 20. error = 910912640.00 < minErr = 911036864.00, update minErr
Training iteration 21. error = 910759552.00 < minErr = 910912640.00, update minErr
Training iteration 22. error = 910663744.00 < minErr = 910759552.00, update minErr
Training iteration 23. error = 910604096.00 < minErr = 910663744.00, update minErr
Training iteration 24. error = 910545792.00 < minErr = 910604096.00, update minErr
[Info] Finish Kmeans training
The1 deviation error of coarse clusters is 9.10546e+08

[Info] Training fine codebook
[Info] Start Kmeans training
Training iteration 0. error = 1476247296.00 < minErr = 340282346638528859811704183484516925440.00, update minErr
Training iteration 1. error = 949920256.00 < minErr = 1476247296.00, update minErr
Training iteration 2. error = 925548544.00 < minErr = 949920256.00, update minErr
Training iteration 3. error = 911697856.00 < minErr = 925548544.00, update minErr
Training iteration 4. error = 905769536.00 < minErr = 911697856.00, update minErr
Training iteration 5. error = 903425856.00 < minErr = 905769536.00, update minErr
Training iteration 6. error = 901963840.00 < minErr = 903425856.00, update minErr
Training iteration 7. error = 900749184.00 < minErr = 901963840.00, update minErr
Training iteration 8. error = 899660800.00 < minErr = 900749184.00, update minErr
Training iteration 9. error = 898842752.00 < minErr = 899660800.00, update minErr
Training iteration 10. error = 898248256.00 < minErr = 898842752.00, update minErr
Training iteration 11. error = 897798528.00 < minErr = 898248256.00, update minErr
Training iteration 12. error = 897329344.00 < minErr = 897798528.00, update minErr
Training iteration 13. error = 896856576.00 < minErr = 897329344.00, update minErr
Training iteration 14. error = 896444864.00 < minErr = 896856576.00, update minErr
Training iteration 15. error = 896108160.00 < minErr = 896444864.00, update minErr
Training iteration 16. error = 895821888.00 < minErr = 896108160.00, update minErr
Training iteration 17. error = 895608832.00 < minErr = 895821888.00, update minErr
Training iteration 18. error = 895436928.00 < minErr = 895608832.00, update minErr
Training iteration 19. error = 895321472.00 < minErr = 895436928.00, update minErr
Training iteration 20. error = 895216320.00 < minErr = 895321472.00, update minErr
Training iteration 21. error = 895151872.00 < minErr = 895216320.00, update minErr
Training iteration 22. error = 895104704.00 < minErr = 895151872.00, update minErr
Training iteration 23. error = 895070336.00 < minErr = 895104704.00, update minErr
Training iteration 24. error = 895042880.00 < minErr = 895070336.00, update minErr
[Info] Finish Kmeans training
The 1 deviation error of fine clusters is 8.95043e+08

[Info] RVQ training iteration 2
[Info] Training coarse codebook
[Info] Start Kmeans training
Training iteration 0. error = 1599707008.00 < minErr = 340282346638528859811704183484516925440.00, update minErr
Training iteration 1. error = 946863872.00 < minErr = 1599707008.00, update minErr
Training iteration 2. error = 920264960.00 < minErr = 946863872.00, update minErr
Training iteration 3. error = 906131584.00 < minErr = 920264960.00, update minErr
Training iteration 4. error = 898024832.00 < minErr = 906131584.00, update minErr
Training iteration 5. error = 894640704.00 < minErr = 898024832.00, update minErr
Training iteration 6. error = 892985728.00 < minErr = 894640704.00, update minErr
Training iteration 7. error = 892145856.00 < minErr = 892985728.00, update minErr
Training iteration 8. error = 891750208.00 < minErr = 892145856.00, update minErr
Training iteration 9. error = 891483712.00 < minErr = 891750208.00, update minErr
Training iteration 10. error = 891315200.00 < minErr = 891483712.00, update minErr
Training iteration 11. error = 891202112.00 < minErr = 891315200.00, update minErr
Training iteration 12. error = 891105984.00 < minErr = 891202112.00, update minErr
Training iteration 13. error = 891013568.00 < minErr = 891105984.00, update minErr
Training iteration 14. error = 890930624.00 < minErr = 891013568.00, update minErr
Training iteration 15. error = 890869568.00 < minErr = 890930624.00, update minErr
Training iteration 16. error = 890815296.00 < minErr = 890869568.00, update minErr
Training iteration 17. error = 890776128.00 < minErr = 890815296.00, update minErr
Training iteration 18. error = 890738048.00 < minErr = 890776128.00, update minErr
Training iteration 19. error = 890700032.00 < minErr = 890738048.00, update minErr
Training iteration 20. error = 890672576.00 < minErr = 890700032.00, update minErr
Training iteration 21. error = 890643584.00 < minErr = 890672576.00, update minErr
Training iteration 22. error = 890586048.00 < minErr = 890643584.00, update minErr
Training iteration 23. error = 890516672.00 < minErr = 890586048.00, update minErr
Training iteration 24. error = 890441792.00 < minErr = 890516672.00, update minErr
[Info] Finish Kmeans training
The2 deviation error of coarse clusters is 8.90442e+08

[Info] Training fine codebook
[Info] Start Kmeans training
Training iteration 0. error = 1484676992.00 < minErr = 340282346638528859811704183484516925440.00, update minErr
Training iteration 1. error = 945603072.00 < minErr = 1484676992.00, update minErr
Training iteration 2. error = 919528512.00 < minErr = 945603072.00, update minErr
Training iteration 3. error = 905559872.00 < minErr = 919528512.00, update minErr
Training iteration 4. error = 899353088.00 < minErr = 905559872.00, update minErr
Training iteration 5. error = 895857536.00 < minErr = 899353088.00, update minErr
Training iteration 6. error = 893283136.00 < minErr = 895857536.00, update minErr
Training iteration 7. error = 891245312.00 < minErr = 893283136.00, update minErr
Training iteration 8. error = 889749760.00 < minErr = 891245312.00, update minErr
Training iteration 9. error = 888708800.00 < minErr = 889749760.00, update minErr
Training iteration 10. error = 888220800.00 < minErr = 888708800.00, update minErr
Training iteration 11. error = 887971264.00 < minErr = 888220800.00, update minErr
Training iteration 12. error = 887859264.00 < minErr = 887971264.00, update minErr
Training iteration 13. error = 887786496.00 < minErr = 887859264.00, update minErr
Training iteration 14. error = 887752064.00 < minErr = 887786496.00, update minErr
Training iteration 15. error = 887728192.00 < minErr = 887752064.00, update minErr
Training iteration 16. error = 887715008.00 < minErr = 887728192.00, update minErr
Training iteration 17. error = 887703040.00 < minErr = 887715008.00, update minErr
Training iteration 18. error = 887698112.00 < minErr = 887703040.00, update minErr
Training iteration 19. error = 887687488.00 < minErr = 887698112.00, update minErr
Training iteration 20. error = 887682880.00 < minErr = 887687488.00, update minErr
Training iteration 21. error = 887673792.00 < minErr = 887682880.00, update minErr
Training iteration 22. error = 887669184.00 < minErr = 887673792.00, update minErr
Training iteration 23. error = 887665280.00 < minErr = 887669184.00, update minErr
Training iteration 24. error = 887659072.00 < minErr = 887665280.00, update minErr
[Info] Finish Kmeans training
The 2 deviation error of fine clusters is 8.87659e+08

[Info] RVQ training iteration 3
[Info] Training coarse codebook
[Info] Start Kmeans training
Training iteration 0. error = 1596280832.00 < minErr = 340282346638528859811704183484516925440.00, update minErr
Training iteration 1. error = 942676288.00 < minErr = 1596280832.00, update minErr
Training iteration 2. error = 914711168.00 < minErr = 942676288.00, update minErr
Training iteration 3. error = 897741504.00 < minErr = 914711168.00, update minErr
Training iteration 4. error = 890065792.00 < minErr = 897741504.00, update minErr
Training iteration 5. error = 887649472.00 < minErr = 890065792.00, update minErr
Training iteration 6. error = 886924800.00 < minErr = 887649472.00, update minErr
Training iteration 7. error = 886671232.00 < minErr = 886924800.00, update minErr
Training iteration 8. error = 886562432.00 < minErr = 886671232.00, update minErr
Training iteration 9. error = 886503488.00 < minErr = 886562432.00, update minErr
Training iteration 10. error = 886456832.00 < minErr = 886503488.00, update minErr
Training iteration 11. error = 886429312.00 < minErr = 886456832.00, update minErr
Training iteration 12. error = 886412736.00 < minErr = 886429312.00, update minErr
Training iteration 13. error = 886400832.00 < minErr = 886412736.00, update minErr
Training iteration 14. error = 886387328.00 < minErr = 886400832.00, update minErr
Training iteration 15. error = 886368064.00 < minErr = 886387328.00, update minErr
Training iteration 16. error = 886355968.00 < minErr = 886368064.00, update minErr
Training iteration 17. error = 886345920.00 < minErr = 886355968.00, update minErr
Training iteration 18. error = 886341184.00 < minErr = 886345920.00, update minErr
Training iteration 19. error = 886339968.00 < minErr = 886341184.00, update minErr
Training iteration 20. error = 886337472.00 < minErr = 886339968.00, update minErr
Training iteration 21. error = 886336576.00 < minErr = 886337472.00, update minErr
Training iteration 22. error = 886335232.00 < minErr = 886336576.00, update minErr
Training iteration 23. Training iteration 24. [Info] Finish Kmeans training
The3 deviation error of coarse clusters is 8.86335e+08

[Info] Training fine codebook
[Info] Start Kmeans training
Training iteration 0. error = 1480075392.00 < minErr = 340282346638528859811704183484516925440.00, update minErr
Training iteration 1. error = 945394624.00 < minErr = 1480075392.00, update minErr
Training iteration 2. error = 919475840.00 < minErr = 945394624.00, update minErr
Training iteration 3. error = 904804288.00 < minErr = 919475840.00, update minErr
Training iteration 4. error = 898200384.00 < minErr = 904804288.00, update minErr
Training iteration 5. error = 894738176.00 < minErr = 898200384.00, update minErr
Training iteration 6. error = 892390656.00 < minErr = 894738176.00, update minErr
Training iteration 7. error = 890427712.00 < minErr = 892390656.00, update minErr
Training iteration 8. error = 888731840.00 < minErr = 890427712.00, update minErr
Training iteration 9. error = 887370112.00 < minErr = 888731840.00, update minErr
Training iteration 10. error = 886675648.00 < minErr = 887370112.00, update minErr
Training iteration 11. error = 886342592.00 < minErr = 886675648.00, update minErr
Training iteration 12. error = 886160704.00 < minErr = 886342592.00, update minErr
Training iteration 13. error = 886074048.00 < minErr = 886160704.00, update minErr
Training iteration 14. error = 886028544.00 < minErr = 886074048.00, update minErr
Training iteration 15. error = 886010304.00 < minErr = 886028544.00, update minErr
Training iteration 16. error = 886002560.00 < minErr = 886010304.00, update minErr
Training iteration 17. error = 885999360.00 < minErr = 886002560.00, update minErr
Training iteration 18. error = 885993536.00 < minErr = 885999360.00, update minErr
Training iteration 19. error = 885991360.00 < minErr = 885993536.00, update minErr
Training iteration 20. error = 885988864.00 < minErr = 885991360.00, update minErr
Training iteration 21. Training iteration 22. Training iteration 23. Training iteration 24. [Info] Finish Kmeans training
The 3 deviation error of fine clusters is 8.85989e+08

[Info] RVQ training iteration 4
[Info] Training coarse codebook
[Info] Start Kmeans training
Training iteration 0. error = 1596730240.00 < minErr = 340282346638528859811704183484516925440.00, update minErr
Training iteration 1. error = 942079104.00 < minErr = 1596730240.00, update minErr
Training iteration 2. error = 912783296.00 < minErr = 942079104.00, update minErr
Training iteration 3. error = 895482432.00 < minErr = 912783296.00, update minErr
Training iteration 4. error = 888429568.00 < minErr = 895482432.00, update minErr
Training iteration 5. error = 886563776.00 < minErr = 888429568.00, update minErr
Training iteration 6. error = 886047040.00 < minErr = 886563776.00, update minErr
Training iteration 7. error = 885846080.00 < minErr = 886047040.00, update minErr
Training iteration 8. error = 885733056.00 < minErr = 885846080.00, update minErr
Training iteration 9. error = 885670720.00 < minErr = 885733056.00, update minErr
Training iteration 10. error = 885651840.00 < minErr = 885670720.00, update minErr
Training iteration 11. error = 885645952.00 < minErr = 885651840.00, update minErr
Training iteration 12. error = 885642176.00 < minErr = 885645952.00, update minErr
Training iteration 13. error = 885637312.00 < minErr = 885642176.00, update minErr
Training iteration 14. error = 885635264.00 < minErr = 885637312.00, update minErr
Training iteration 15. Training iteration 16. Training iteration 17. Training iteration 18. Training iteration 19. Training iteration 20. Training iteration 21. Training iteration 22. Training iteration 23. Training iteration 24. [Info] Finish Kmeans training
The4 deviation error of coarse clusters is 8.85635e+08

[Info] Training fine codebook
[Info] Start Kmeans training
Training iteration 0. error = 1480118656.00 < minErr = 340282346638528859811704183484516925440.00, update minErr
Training iteration 1. error = 945707840.00 < minErr = 1480118656.00, update minErr
Training iteration 2. error = 919814144.00 < minErr = 945707840.00, update minErr
Training iteration 3. error = 905156352.00 < minErr = 919814144.00, update minErr
Training iteration 4. error = 898454272.00 < minErr = 905156352.00, update minErr
Training iteration 5. error = 894600256.00 < minErr = 898454272.00, update minErr
Training iteration 6. error = 891815232.00 < minErr = 894600256.00, update minErr
Training iteration 7. error = 889578304.00 < minErr = 891815232.00, update minErr
Training iteration 8. error = 887743296.00 < minErr = 889578304.00, update minErr
Training iteration 9. error = 886580480.00 < minErr = 887743296.00, update minErr
Training iteration 10. error = 886053248.00 < minErr = 886580480.00, update minErr
Training iteration 11. error = 885799488.00 < minErr = 886053248.00, update minErr
Training iteration 12. error = 885695104.00 < minErr = 885799488.00, update minErr
Training iteration 13. error = 885631680.00 < minErr = 885695104.00, update minErr
Training iteration 14. error = 885602560.00 < minErr = 885631680.00, update minErr
Training iteration 15. error = 885585984.00 < minErr = 885602560.00, update minErr
Training iteration 16. error = 885579840.00 < minErr = 885585984.00, update minErr
Training iteration 17. error = 885573760.00 < minErr = 885579840.00, update minErr
Training iteration 18. error = 885573504.00 < minErr = 885573760.00, update minErr
Training iteration 19. error = 885569280.00 < minErr = 885573504.00, update minErr
Training iteration 20. Training iteration 21. Training iteration 22. Training iteration 23. Training iteration 24. [Info] Finish Kmeans training
The 4 deviation error of fine clusters is 8.85569e+08

[Info] RVQ training iteration 5
[Info] Training coarse codebook
[Info] Start Kmeans training
Training iteration 0. error = 1597801728.00 < minErr = 340282346638528859811704183484516925440.00, update minErr
Training iteration 1. error = 941679232.00 < minErr = 1597801728.00, update minErr
Training iteration 2. error = 912293248.00 < minErr = 941679232.00, update minErr
Training iteration 3. error = 894979456.00 < minErr = 912293248.00, update minErr
Training iteration 4. error = 888183680.00 < minErr = 894979456.00, update minErr
Training iteration 5. error = 886351936.00 < minErr = 888183680.00, update minErr
Training iteration 6. error = 885879552.00 < minErr = 886351936.00, update minErr
Training iteration 7. error = 885662656.00 < minErr = 885879552.00, update minErr
Training iteration 8. error = 885569664.00 < minErr = 885662656.00, update minErr
Training iteration 9. error = 885542208.00 < minErr = 885569664.00, update minErr
Training iteration 10. error = 885536256.00 < minErr = 885542208.00, update minErr
Training iteration 11. error = 885526080.00 < minErr = 885536256.00, update minErr
Training iteration 12. error = 885525632.00 < minErr = 885526080.00, update minErr
Training iteration 13. error = 885522688.00 < minErr = 885525632.00, update minErr
Training iteration 14. Training iteration 15. Training iteration 16. Training iteration 17. Training iteration 18. Training iteration 19. Training iteration 20. Training iteration 21. Training iteration 22. Training iteration 23. Training iteration 24. [Info] Finish Kmeans training
The5 deviation error of coarse clusters is 8.85523e+08

[Info] Training fine codebook
[Info] Start Kmeans training
Training iteration 0. error = 1480375936.00 < minErr = 340282346638528859811704183484516925440.00, update minErr
Training iteration 1. error = 945784320.00 < minErr = 1480375936.00, update minErr
Training iteration 2. error = 920095808.00 < minErr = 945784320.00, update minErr
Training iteration 3. error = 905417600.00 < minErr = 920095808.00, update minErr
Training iteration 4. error = 898456192.00 < minErr = 905417600.00, update minErr
Training iteration 5. error = 894614272.00 < minErr = 898456192.00, update minErr
Training iteration 6. error = 891964224.00 < minErr = 894614272.00, update minErr
Training iteration 7. error = 889915968.00 < minErr = 891964224.00, update minErr
Training iteration 8. error = 888183488.00 < minErr = 889915968.00, update minErr
Training iteration 9. error = 886848064.00 < minErr = 888183488.00, update minErr
Training iteration 10. error = 886162240.00 < minErr = 886848064.00, update minErr
Training iteration 11. error = 885807744.00 < minErr = 886162240.00, update minErr
Training iteration 12. error = 885618560.00 < minErr = 885807744.00, update minErr
Training iteration 13. error = 885539648.00 < minErr = 885618560.00, update minErr
Training iteration 14. error = 885498752.00 < minErr = 885539648.00, update minErr
Training iteration 15. error = 885480256.00 < minErr = 885498752.00, update minErr
Training iteration 16. error = 885473728.00 < minErr = 885480256.00, update minErr
Training iteration 17. error = 885470848.00 < minErr = 885473728.00, update minErr
Training iteration 18. error = 885468224.00 < minErr = 885470848.00, update minErr
Training iteration 19. error = 885467328.00 < minErr = 885468224.00, update minErr
Training iteration 20. Training iteration 21. Training iteration 22. Training iteration 23. Training iteration 24. [Info] Finish Kmeans training
The 5 deviation error of fine clusters is 8.85467e+08

[Info] RVQ training iteration 6
[Info] Training coarse codebook
[Info] Start Kmeans training
Training iteration 0. error = 1598182016.00 < minErr = 340282346638528859811704183484516925440.00, update minErr
Training iteration 1. error = 941627200.00 < minErr = 1598182016.00, update minErr
Training iteration 2. error = 911989952.00 < minErr = 941627200.00, update minErr
Training iteration 3. error = 894548992.00 < minErr = 911989952.00, update minErr
Training iteration 4. error = 887948992.00 < minErr = 894548992.00, update minErr
Training iteration 5. error = 886204480.00 < minErr = 887948992.00, update minErr
Training iteration 6. error = 885698944.00 < minErr = 886204480.00, update minErr
Training iteration 7. error = 885508544.00 < minErr = 885698944.00, update minErr
Training iteration 8. error = 885452544.00 < minErr = 885508544.00, update minErr
Training iteration 9. error = 885432768.00 < minErr = 885452544.00, update minErr
Training iteration 10. error = 885427392.00 < minErr = 885432768.00, update minErr
Training iteration 11. error = 885424896.00 < minErr = 885427392.00, update minErr
Training iteration 12. error = 885422336.00 < minErr = 885424896.00, update minErr
Training iteration 13. error = 885421376.00 < minErr = 885422336.00, update minErr
Training iteration 14. Training iteration 15. Training iteration 16. Training iteration 17. Training iteration 18. Training iteration 19. Training iteration 20. Training iteration 21. Training iteration 22. Training iteration 23. Training iteration 24. [Info] Finish Kmeans training
The6 deviation error of coarse clusters is 8.85421e+08

[Info] Training fine codebook
[Info] Start Kmeans training
Training iteration 0. error = 1480095104.00 < minErr = 340282346638528859811704183484516925440.00, update minErr
Training iteration 1. error = 945980288.00 < minErr = 1480095104.00, update minErr
Training iteration 2. error = 920703040.00 < minErr = 945980288.00, update minErr
Training iteration 3. error = 905926016.00 < minErr = 920703040.00, update minErr
Training iteration 4. error = 899228672.00 < minErr = 905926016.00, update minErr
Training iteration 5. error = 895771840.00 < minErr = 899228672.00, update minErr
Training iteration 6. error = 892896960.00 < minErr = 895771840.00, update minErr
Training iteration 7. error = 890194880.00 < minErr = 892896960.00, update minErr
Training iteration 8. error = 888080640.00 < minErr = 890194880.00, update minErr
Training iteration 9. error = 886671616.00 < minErr = 888080640.00, update minErr
Training iteration 10. error = 885999488.00 < minErr = 886671616.00, update minErr
Training iteration 11. error = 885686144.00 < minErr = 885999488.00, update minErr
Training iteration 12. error = 885531584.00 < minErr = 885686144.00, update minErr
Training iteration 13. error = 885465984.00 < minErr = 885531584.00, update minErr
Training iteration 14. error = 885440192.00 < minErr = 885465984.00, update minErr
Training iteration 15. error = 885419520.00 < minErr = 885440192.00, update minErr
Training iteration 16. error = 885406528.00 < minErr = 885419520.00, update minErr
Training iteration 17. error = 885403840.00 < minErr = 885406528.00, update minErr
Training iteration 18. error = 885401536.00 < minErr = 885403840.00, update minErr
Training iteration 19. error = 885399168.00 < minErr = 885401536.00, update minErr
Training iteration 20. Training iteration 21. Training iteration 22. Training iteration 23. Training iteration 24. [Info] Finish Kmeans training
The 6 deviation error of fine clusters is 8.85399e+08

[Info] RVQ training iteration 7
[Info] Training coarse codebook
[Info] Start Kmeans training
Training iteration 0. error = 1599147648.00 < minErr = 340282346638528859811704183484516925440.00, update minErr
Training iteration 1. error = 941780544.00 < minErr = 1599147648.00, update minErr
Training iteration 2. error = 911932288.00 < minErr = 941780544.00, update minErr
Training iteration 3. error = 894548608.00 < minErr = 911932288.00, update minErr
Training iteration 4. error = 887961024.00 < minErr = 894548608.00, update minErr
Training iteration 5. error = 886163776.00 < minErr = 887961024.00, update minErr
Training iteration 6. error = 885667200.00 < minErr = 886163776.00, update minErr
Training iteration 7. error = 885463936.00 < minErr = 885667200.00, update minErr
Training iteration 8. error = 885398464.00 < minErr = 885463936.00, update minErr
Training iteration 9. error = 885374784.00 < minErr = 885398464.00, update minErr
Training iteration 10. error = 885366976.00 < minErr = 885374784.00, update minErr
Training iteration 11. error = 885364992.00 < minErr = 885366976.00, update minErr
Training iteration 12. Training iteration 13. Training iteration 14. Training iteration 15. Training iteration 16. Training iteration 17. Training iteration 18. Training iteration 19. Training iteration 20. Training iteration 21. Training iteration 22. Training iteration 23. Training iteration 24. [Info] Finish Kmeans training
The7 deviation error of coarse clusters is 8.85365e+08

[Info] Training fine codebook
[Info] Start Kmeans training
Training iteration 0. error = 1480084224.00 < minErr = 340282346638528859811704183484516925440.00, update minErr
Training iteration 1. error = 945878144.00 < minErr = 1480084224.00, update minErr
Training iteration 2. error = 920316928.00 < minErr = 945878144.00, update minErr
Training iteration 3. error = 905432576.00 < minErr = 920316928.00, update minErr
Training iteration 4. error = 898574656.00 < minErr = 905432576.00, update minErr
Training iteration 5. error = 895075776.00 < minErr = 898574656.00, update minErr
Training iteration 6. error = 892459072.00 < minErr = 895075776.00, update minErr
Training iteration 7. error = 890402176.00 < minErr = 892459072.00, update minErr
Training iteration 8. error = 888586880.00 < minErr = 890402176.00, update minErr
Training iteration 9. error = 887091712.00 < minErr = 888586880.00, update minErr
Training iteration 10. error = 886189952.00 < minErr = 887091712.00, update minErr
Training iteration 11. error = 885771712.00 < minErr = 886189952.00, update minErr
Training iteration 12. error = 885539584.00 < minErr = 885771712.00, update minErr
Training iteration 13. error = 885457216.00 < minErr = 885539584.00, update minErr
Training iteration 14. error = 885412288.00 < minErr = 885457216.00, update minErr
Training iteration 15. error = 885390464.00 < minErr = 885412288.00, update minErr
Training iteration 16. error = 885377536.00 < minErr = 885390464.00, update minErr
Training iteration 17. error = 885368704.00 < minErr = 885377536.00, update minErr
Training iteration 18. error = 885364096.00 < minErr = 885368704.00, update minErr
Training iteration 19. error = 885363520.00 < minErr = 885364096.00, update minErr
Training iteration 20. error = 885362688.00 < minErr = 885363520.00, update minErr
Training iteration 21. Training iteration 22. Training iteration 23. Training iteration 24. [Info] Finish Kmeans training
The 7 deviation error of fine clusters is 8.85363e+08

[Info] RVQ training iteration 8
[Info] Training coarse codebook
[Info] Start Kmeans training
Training iteration 0. error = 1599234688.00 < minErr = 340282346638528859811704183484516925440.00, update minErr
Training iteration 1. error = 941622976.00 < minErr = 1599234688.00, update minErr
Training iteration 2. error = 911782912.00 < minErr = 941622976.00, update minErr
Training iteration 3. error = 894475392.00 < minErr = 911782912.00, update minErr
Training iteration 4. error = 887921920.00 < minErr = 894475392.00, update minErr
Training iteration 5. error = 886142144.00 < minErr = 887921920.00, update minErr
Training iteration 6. error = 885658176.00 < minErr = 886142144.00, update minErr
Training iteration 7. error = 885445248.00 < minErr = 885658176.00, update minErr
Training iteration 8. error = 885386496.00 < minErr = 885445248.00, update minErr
Training iteration 9. error = 885366976.00 < minErr = 885386496.00, update minErr
Training iteration 10. error = 885355840.00 < minErr = 885366976.00, update minErr
Training iteration 11. error = 885353472.00 < minErr = 885355840.00, update minErr
Training iteration 12. Training iteration 13. Training iteration 14. Training iteration 15. Training iteration 16. Training iteration 17. Training iteration 18. Training iteration 19. Training iteration 20. Training iteration 21. Training iteration 22. Training iteration 23. Training iteration 24. [Info] Finish Kmeans training
The8 deviation error of coarse clusters is 8.85353e+08

[Info] Training fine codebook
[Info] Start Kmeans training
Training iteration 0. error = 1480470784.00 < minErr = 340282346638528859811704183484516925440.00, update minErr
Training iteration 1. error = 945948864.00 < minErr = 1480470784.00, update minErr
Training iteration 2. error = 920468480.00 < minErr = 945948864.00, update minErr
Training iteration 3. error = 905658112.00 < minErr = 920468480.00, update minErr
Training iteration 4. error = 898874176.00 < minErr = 905658112.00, update minErr
Training iteration 5. error = 895420672.00 < minErr = 898874176.00, update minErr
Training iteration 6. error = 892741568.00 < minErr = 895420672.00, update minErr
Training iteration 7. error = 890551616.00 < minErr = 892741568.00, update minErr
Training iteration 8. error = 888790336.00 < minErr = 890551616.00, update minErr
Training iteration 9. error = 887214272.00 < minErr = 888790336.00, update minErr
Training iteration 10. error = 886227712.00 < minErr = 887214272.00, update minErr
Training iteration 11. error = 885770368.00 < minErr = 886227712.00, update minErr
Training iteration 12. error = 885541312.00 < minErr = 885770368.00, update minErr
Training iteration 13. error = 885440768.00 < minErr = 885541312.00, update minErr
Training iteration 14. error = 885387904.00 < minErr = 885440768.00, update minErr
Training iteration 15. error = 885367872.00 < minErr = 885387904.00, update minErr
Training iteration 16. error = 885351232.00 < minErr = 885367872.00, update minErr
Training iteration 17. error = 885340224.00 < minErr = 885351232.00, update minErr
Training iteration 18. error = 885340160.00 < minErr = 885340224.00, update minErr
Training iteration 19. error = 885339968.00 < minErr = 885340160.00, update minErr
Training iteration 20. error = 885337024.00 < minErr = 885339968.00, update minErr
Training iteration 21. error = 885335232.00 < minErr = 885337024.00, update minErr
Training iteration 22. Training iteration 23. Training iteration 24. [Info] Finish Kmeans training
The 8 deviation error of fine clusters is 8.85335e+08

[Info] RVQ training iteration 9
[Info] Training coarse codebook
[Info] Start Kmeans training
Training iteration 0. error = 1599304064.00 < minErr = 340282346638528859811704183484516925440.00, update minErr
Training iteration 1. error = 941761152.00 < minErr = 1599304064.00, update minErr
Training iteration 2. error = 911796800.00 < minErr = 941761152.00, update minErr
Training iteration 3. error = 894375168.00 < minErr = 911796800.00, update minErr
Training iteration 4. error = 887846656.00 < minErr = 894375168.00, update minErr
Training iteration 5. error = 886098688.00 < minErr = 887846656.00, update minErr
Training iteration 6. error = 885605760.00 < minErr = 886098688.00, update minErr
Training iteration 7. error = 885418496.00 < minErr = 885605760.00, update minErr
Training iteration 8. error = 885365120.00 < minErr = 885418496.00, update minErr
Training iteration 9. error = 885343040.00 < minErr = 885365120.00, update minErr
Training iteration 10. error = 885336000.00 < minErr = 885343040.00, update minErr
Training iteration 11. error = 885333248.00 < minErr = 885336000.00, update minErr
Training iteration 12. Training iteration 13. Training iteration 14. Training iteration 15. Training iteration 16. Training iteration 17. Training iteration 18. Training iteration 19. Training iteration 20. Training iteration 21. Training iteration 22. Training iteration 23. Training iteration 24. [Info] Finish Kmeans training
The9 deviation error of coarse clusters is 8.85333e+08

[Info] Training fine codebook
[Info] Start Kmeans training
Training iteration 0. error = 1480588416.00 < minErr = 340282346638528859811704183484516925440.00, update minErr
Training iteration 1. error = 945977920.00 < minErr = 1480588416.00, update minErr
Training iteration 2. error = 920636928.00 < minErr = 945977920.00, update minErr
Training iteration 3. error = 905835200.00 < minErr = 920636928.00, update minErr
Training iteration 4. error = 899006656.00 < minErr = 905835200.00, update minErr
Training iteration 5. error = 895564224.00 < minErr = 899006656.00, update minErr
Training iteration 6. error = 892964096.00 < minErr = 895564224.00, update minErr
Training iteration 7. error = 890746432.00 < minErr = 892964096.00, update minErr
Training iteration 8. error = 888898880.00 < minErr = 890746432.00, update minErr
Training iteration 9. error = 887266688.00 < minErr = 888898880.00, update minErr
Training iteration 10. error = 886249344.00 < minErr = 887266688.00, update minErr
Training iteration 11. error = 885772672.00 < minErr = 886249344.00, update minErr
Training iteration 12. error = 885536768.00 < minErr = 885772672.00, update minErr
Training iteration 13. error = 885436800.00 < minErr = 885536768.00, update minErr
Training iteration 14. error = 885388096.00 < minErr = 885436800.00, update minErr
Training iteration 15. error = 885368448.00 < minErr = 885388096.00, update minErr
Training iteration 16. error = 885353088.00 < minErr = 885368448.00, update minErr
Training iteration 17. error = 885342400.00 < minErr = 885353088.00, update minErr
Training iteration 18. error = 885337728.00 < minErr = 885342400.00, update minErr
Training iteration 19. Training iteration 20. error = 885336640.00 < minErr = 885337728.00, update minErr
Training iteration 21. error = 885335680.00 < minErr = 885336640.00, update minErr
Training iteration 22. error = 885334912.00 < minErr = 885335680.00, update minErr
Training iteration 23. Training iteration 24. error = 885334528.00 < minErr = 885334912.00, update minErr
[Info] Finish Kmeans training
The 9 deviation error of fine clusters is 8.85335e+08

Building index with 10000 build vectors.
dataset0 : coarseId=3, fineId=0
dataset1 : coarseId=7, fineId=4
dataset2 : coarseId=3, fineId=0
dataset3 : coarseId=1, fineId=8
dataset4 : coarseId=8, fineId=8
dataset5 : coarseId=8, fineId=4
dataset6 : coarseId=8, fineId=4
dataset7 : coarseId=8, fineId=8
dataset8 : coarseId=8, fineId=4
dataset9 : coarseId=5, fineId=8
dataset10 : coarseId=5, fineId=8
dataset11 : coarseId=8, fineId=4
dataset12 : coarseId=1, fineId=8
dataset13 : coarseId=5, fineId=8
dataset14 : coarseId=5, fineId=8
dataset15 : coarseId=5, fineId=4
dataset16 : coarseId=5, fineId=8
dataset17 : coarseId=5, fineId=8
dataset18 : coarseId=5, fineId=8
dataset19 : coarseId=5, fineId=8
dataset20 : coarseId=5, fineId=8
dataset21 : coarseId=5, fineId=8
dataset22 : coarseId=5, fineId=8
dataset23 : coarseId=8, fineId=8
dataset24 : coarseId=5, fineId=8
dataset25 : coarseId=4, fineId=0
dataset26 : coarseId=4, fineId=0
dataset27 : coarseId=8, fineId=0
dataset28 : coarseId=8, fineId=3
dataset29 : coarseId=4, fineId=0
dataset30 : coarseId=4, fineId=6
dataset31 : coarseId=4, fineId=0
dataset32 : coarseId=4, fineId=4
dataset33 : coarseId=4, fineId=4
dataset34 : coarseId=4, fineId=0
dataset35 : coarseId=8, fineId=1
dataset36 : coarseId=7, fineId=5
dataset37 : coarseId=8, fineId=4
dataset38 : coarseId=0, fineId=5
dataset39 : coarseId=8, fineId=3
dataset40 : coarseId=5, fineId=0
dataset41 : coarseId=1, fineId=0
dataset42 : coarseId=5, fineId=4
dataset43 : coarseId=1, fineId=7
dataset44 : coarseId=4, fineId=0
dataset45 : coarseId=1, fineId=4
dataset46 : coarseId=3, fineId=5
dataset47 : coarseId=3, fineId=7
dataset48 : coarseId=8, fineId=3
dataset49 : coarseId=8, fineId=3
dataset50 : coarseId=5, fineId=4
dataset51 : coarseId=1, fineId=7
dataset52 : coarseId=0, fineId=3
dataset53 : coarseId=0, fineId=5
dataset54 : coarseId=0, fineId=7
dataset55 : coarseId=6, fineId=9
dataset56 : coarseId=9, fineId=6
dataset57 : coarseId=9, fineId=8
dataset58 : coarseId=6, fineId=9
dataset59 : coarseId=8, fineId=0
dataset60 : coarseId=0, fineId=3
dataset61 : coarseId=8, fineId=3
dataset62 : coarseId=8, fineId=5
dataset63 : coarseId=2, fineId=7
dataset64 : coarseId=9, fineId=8
dataset65 : coarseId=8, fineId=3
dataset66 : coarseId=3, fineId=9
dataset67 : coarseId=7, fineId=6
dataset68 : coarseId=6, fineId=6
dataset69 : coarseId=6, fineId=7
dataset70 : coarseId=9, fineId=2
dataset71 : coarseId=0, fineId=8
dataset72 : coarseId=8, fineId=8
dataset73 : coarseId=9, fineId=2
dataset74 : coarseId=9, fineId=9
dataset75 : coarseId=8, fineId=3
dataset76 : coarseId=8, fineId=5
dataset77 : coarseId=9, fineId=2
dataset78 : coarseId=2, fineId=7
dataset79 : coarseId=6, fineId=9
dataset80 : coarseId=9, fineId=2
dataset81 : coarseId=2, fineId=7
dataset82 : coarseId=2, fineId=1
dataset83 : coarseId=9, fineId=1
dataset84 : coarseId=3, fineId=8
dataset85 : coarseId=9, fineId=9
dataset86 : coarseId=1, fineId=8
dataset87 : coarseId=5, fineId=6
dataset88 : coarseId=6, fineId=2
dataset89 : coarseId=3, fineId=1
dataset90 : coarseId=6, fineId=2
dataset91 : coarseId=8, fineId=3
dataset92 : coarseId=6, fineId=6
dataset93 : coarseId=6, fineId=6
dataset94 : coarseId=0, fineId=5
dataset95 : coarseId=9, fineId=9
dataset96 : coarseId=8, fineId=0
dataset97 : coarseId=8, fineId=5
dataset98 : coarseId=9, fineId=6
dataset99 : coarseId=9, fineId=2

Search...Query number: 10000

Searching with 10000 queries.
Enter points number of [0] = 188
Enter points number of [1] = 131
Enter points number of [2] = 289
Enter points number of [3] = 356
Enter points number of [4] = 50
Enter points number of [5] = 561
Enter points number of [6] = 561
Enter points number of [7] = 188
Enter points number of [8] = 209
Enter points number of [9] = 42
Enter points number of [10] = 165
Enter points number of [11] = 96
Enter points number of [12] = 131
Enter points number of [13] = 30
Enter points number of [14] = 356
Enter points number of [15] = 95
Enter points number of [16] = 139
Enter points number of [17] = 50
Enter points number of [18] = 145
Enter points number of [19] = 27
Enter points number of [20] = 289
Enter points number of [21] = 47
Enter points number of [22] = 213
Enter points number of [23] = 84
Enter points number of [24] = 108
Enter points number of [25] = 356
Enter points number of [26] = 230
Enter points number of [27] = 289
Enter points number of [28] = 245
Enter points number of [29] = 208
Enter points number of [30] = 245
Enter points number of [31] = 356
Enter points number of [32] = 561
Enter points number of [33] = 141
Enter points number of [34] = 141
Enter points number of [35] = 131
Enter points number of [36] = 347
Enter points number of [37] = 289
Enter points number of [38] = 190
Enter points number of [39] = 63
Enter points number of [40] = 145
Enter points number of [41] = 190
Enter points number of [42] = 108
Enter points number of [43] = 144
Enter points number of [44] = 84
Enter points number of [45] = 209
Enter points number of [46] = 37
Enter points number of [47] = 108
Enter points number of [48] = 289
Enter points number of [49] = 213
Enter points number of [50] = 561
Enter points number of [51] = 68
Enter points number of [52] = 90
Enter points number of [53] = 75
Enter points number of [54] = 245
Enter points number of [55] = 215
Enter points number of [56] = 561
Enter points number of [57] = 172
Enter points number of [58] = 131
Enter points number of [59] = 131
Enter points number of [60] = 245
Enter points number of [61] = 125
Enter points number of [62] = 561
Enter points number of [63] = 561
Enter points number of [64] = 272
Enter points number of [65] = 269
Enter points number of [66] = 270
Enter points number of [67] = 20
Enter points number of [68] = 272
Enter points number of [69] = 184
Enter points number of [70] = 94
Enter points number of [71] = 269
Enter points number of [72] = 299
Enter points number of [73] = 200
Enter points number of [74] = 100
Enter points number of [75] = 172
Enter points number of [76] = 144
Enter points number of [77] = 68
Enter points number of [78] = 347
Enter points number of [79] = 196
Enter points number of [80] = 356
Enter points number of [81] = 245
Enter points number of [82] = 347
Enter points number of [83] = 144
Enter points number of [84] = 75
Enter points number of [85] = 347
Enter points number of [86] = 329
Enter points number of [87] = 58
Enter points number of [88] = 164
Enter points number of [89] = 213
Enter points number of [90] = 200
Enter points number of [91] = 356
Enter points number of [92] = 94
Enter points number of [93] = 165
Enter points number of [94] = 74
Enter points number of [95] = 190
Enter points number of [96] = 356
Enter points number of [97] = 230
Enter points number of [98] = 32
Enter points number of [99] = 190
